<?xml version="1.0" encoding="UTF-8"?>
<!-- Generated by org.testng.reporters.JUnitXMLReporter -->
<testsuite hostname="rightster-PC" name="Regression1(failed)(failed)" tests="1" failures="1" timestamp="28 Feb 2013 12:35:13 GMT" time="21.45" errors="0">
  <testcase name="SignInRightsterUserTest" time="21.355" classname="tests.SignInTests">
    <failure type="java.lang.AssertionError">
      <![CDATA[java.lang.AssertionError: 
	at Reusables.Base.assertTopAccountNameBookie(Base.java:162)
	at tests.SignInTests.SignInRightsterUserTest(SignInTests.java:111)
... Removed 27 stack frames]]>
    </failure>
  </testcase> <!-- SignInRightsterUserTest -->
</testsuite> <!-- Regression1(failed)(failed) -->
